Created by PLY version 3.11 (http://www.dabeaz.com/ply)

Grammar

Rule 0     S' -> statement
Rule 1     statement -> SHOP WORD COMPARE WORD DOT WORD COMPARE
Rule 2     statement -> SHOP WORD COMPARE WORD COMPARE
Rule 3     statement -> WORD WORD LPAREN RPAREN LBRACE
Rule 4     statement -> WORD WORD LPAREN WORD WORD COMMA WORD WORD RPAREN LBRACE
Rule 5     statement -> WORD WORD LPAREN WORD WORD RPAREN LBRACE
Rule 6     statement -> WORD WORD LPAREN WORD RPAREN LBRACE
Rule 7     statement -> WORD WORD SEMICOLON
Rule 8     statement -> WORD WORD EQUALS NUMBER SEMICOLON
Rule 9     statement -> WORD WORD LBAR NUMBER RBAR SEMICOLON
Rule 10    statement -> WORD LPAREN WORD OPER WORD COMPARE NUMBER RPAREN LBRACE
Rule 11    statement -> WORD LPAREN WORD COMPARE NUMBER RPAREN LBRACE
Rule 12    statement -> WORD LPAREN WORD COMPARE WORD RPAREN LBRACE
Rule 13    statement -> WORD LPAREN WORD COMPARE NUMBER COPER WORD COMPARE NUMBER RPAREN LBRACE
Rule 14    statement -> WORD LPAREN WORD EQUALS NUMBER SEMICOLON WORD COMPARE NUMBER SEMICOLON WORD UNARY RPAREN LBRACE
Rule 15    statement -> WORD LPAREN WORD EQUALS NUMBER SEMICOLON WORD COMPARE WORD SEMICOLON WORD UNARY RPAREN LBRACE
Rule 16    statement -> WORD LPAREN WORD EQUALS WORD OPER NUMBER SEMICOLON WORD COMPARE NUMBER SEMICOLON WORD UNARY RPAREN LBRACE
Rule 17    statement -> WORD LPAREN NUMBER RPAREN LBRACE
Rule 18    statement -> WORD LPAREN SENTENCE RPAREN SEMICOLON
Rule 19    statement -> WORD LPAREN SENTENCE COMMA AND WORD RPAREN SEMICOLON
Rule 20    statement -> WORD LPAREN SENTENCE COMMA WORD COMMA WORD COMMA WORD OPER WORD RPAREN SEMICOLON
Rule 21    statement -> WORD LPAREN SENTENCE COMMA WORD COMMA WORD COMMA LPAREN WORD OPER WORD RPAREN RPAREN SEMICOLON
Rule 22    statement -> WORD LPAREN SENTENCE COMMA WORD LBAR WORD RBAR RPAREN SEMICOLON
Rule 23    statement -> WORD LPAREN RPAREN SEMICOLON
Rule 24    statement -> WORD LPAREN SENTENCE COMMA WORD LPAREN WORD RPAREN RPAREN SEMICOLON
Rule 25    statement -> WORD WORD EQUALS WORD LPAREN WORD COMMA WORD RPAREN SEMICOLON
Rule 26    statement -> WORD SEMICOLON
Rule 27    statement -> RBRACE
Rule 28    statement -> RBRACE WORD LBRACE
Rule 29    statement -> WORD NUMBER SEMICOLON
Rule 30    statement -> WORD WORD OPER WORD SEMICOLON
Rule 31    statement -> WORD UNARY
Rule 32    statement -> WORD LBAR WORD RBAR EQUALS WORD LBAR WORD OPER NUMBER RBAR SEMICOLON
Rule 33    statement -> WORD LBAR NUMBER RBAR EQUALS WORD SEMICOLON
Rule 34    statement -> WORD LPAREN LPAREN WORD COMPARE NUMBER RPAREN COPER BANG LPAREN WORD AND LPAREN WORD OPER NUMBER RPAREN RPAREN RPAREN SEMICOLON
Rule 35    statement -> WORD UNARY SEMICOLON

Terminals, with rules where they appear

AND                  : 19 34
BANG                 : 34
COMMA                : 4 19 20 20 20 21 21 21 22 24 25
COMPARE              : 1 1 2 2 10 11 12 13 13 14 15 16 34
COPER                : 13 34
DOT                  : 1
EQUALS               : 8 14 15 16 25 32 33
LBAR                 : 9 22 32 32 33
LBRACE               : 3 4 5 6 10 11 12 13 14 15 16 17 28
LPAREN               : 3 4 5 6 10 11 12 13 14 15 16 17 18 19 20 21 21 22 23 24 24 25 34 34 34 34
NUMBER               : 8 9 10 11 13 13 14 14 15 16 16 17 29 32 33 34 34
OPER                 : 10 16 20 21 30 32 34
RBAR                 : 9 22 32 32 33
RBRACE               : 27 28
RPAREN               : 3 4 5 6 10 11 12 13 14 15 16 17 18 19 20 21 21 22 23 24 24 25 34 34 34 34
SEMICOLON            : 7 8 9 14 14 15 15 16 16 18 19 20 21 22 23 24 25 26 29 30 32 33 34 35
SENTENCE             : 18 19 20 21 22 24
SHOP                 : 1 2
UNARY                : 14 15 16 31 35
WORD                 : 1 1 1 2 2 3 3 4 4 4 4 4 4 5 5 5 5 6 6 6 7 7 8 8 9 9 10 10 10 11 11 12 12 12 13 13 13 14 14 14 14 15 15 15 15 15 16 16 16 16 16 17 18 19 19 20 20 20 20 20 21 21 21 21 21 22 22 22 23 24 24 24 25 25 25 25 25 26 28 29 30 30 30 31 32 32 32 32 33 33 34 34 34 34 35
error                : 

Nonterminals, with rules where they appear

statement            : 0

Parsing method: LALR

state 0

    (0) S' -> . statement
    (1) statement -> . SHOP WORD COMPARE WORD DOT WORD COMPARE
    (2) statement -> . SHOP WORD COMPARE WORD COMPARE
    (3) statement -> . WORD WORD LPAREN RPAREN LBRACE
    (4) statement -> . WORD WORD LPAREN WORD WORD COMMA WORD WORD RPAREN LBRACE
    (5) statement -> . WORD WORD LPAREN WORD WORD RPAREN LBRACE
    (6) statement -> . WORD WORD LPAREN WORD RPAREN LBRACE
    (7) statement -> . WORD WORD SEMICOLON
    (8) statement -> . WORD WORD EQUALS NUMBER SEMICOLON
    (9) statement -> . WORD WORD LBAR NUMBER RBAR SEMICOLON
    (10) statement -> . WORD LPAREN WORD OPER WORD COMPARE NUMBER RPAREN LBRACE
    (11) statement -> . WORD LPAREN WORD COMPARE NUMBER RPAREN LBRACE
    (12) statement -> . WORD LPAREN WORD COMPARE WORD RPAREN LBRACE
    (13) statement -> . WORD LPAREN WORD COMPARE NUMBER COPER WORD COMPARE NUMBER RPAREN LBRACE
    (14) statement -> . WORD LPAREN WORD EQUALS NUMBER SEMICOLON WORD COMPARE NUMBER SEMICOLON WORD UNARY RPAREN LBRACE
    (15) statement -> . WORD LPAREN WORD EQUALS NUMBER SEMICOLON WORD COMPARE WORD SEMICOLON WORD UNARY RPAREN LBRACE
    (16) statement -> . WORD LPAREN WORD EQUALS WORD OPER NUMBER SEMICOLON WORD COMPARE NUMBER SEMICOLON WORD UNARY RPAREN LBRACE
    (17) statement -> . WORD LPAREN NUMBER RPAREN LBRACE
    (18) statement -> . WORD LPAREN SENTENCE RPAREN SEMICOLON
    (19) statement -> . WORD LPAREN SENTENCE COMMA AND WORD RPAREN SEMICOLON
    (20) statement -> . WORD LPAREN SENTENCE COMMA WORD COMMA WORD COMMA WORD OPER WORD RPAREN SEMICOLON
    (21) statement -> . WORD LPAREN SENTENCE COMMA WORD COMMA WORD COMMA LPAREN WORD OPER WORD RPAREN RPAREN SEMICOLON
    (22) statement -> . WORD LPAREN SENTENCE COMMA WORD LBAR WORD RBAR RPAREN SEMICOLON
    (23) statement -> . WORD LPAREN RPAREN SEMICOLON
    (24) statement -> . WORD LPAREN SENTENCE COMMA WORD LPAREN WORD RPAREN RPAREN SEMICOLON
    (25) statement -> . WORD WORD EQUALS WORD LPAREN WORD COMMA WORD RPAREN SEMICOLON
    (26) statement -> . WORD SEMICOLON
    (27) statement -> . RBRACE
    (28) statement -> . RBRACE WORD LBRACE
    (29) statement -> . WORD NUMBER SEMICOLON
    (30) statement -> . WORD WORD OPER WORD SEMICOLON
    (31) statement -> . WORD UNARY
    (32) statement -> . WORD LBAR WORD RBAR EQUALS WORD LBAR WORD OPER NUMBER RBAR SEMICOLON
    (33) statement -> . WORD LBAR NUMBER RBAR EQUALS WORD SEMICOLON
    (34) statement -> . WORD LPAREN LPAREN WORD COMPARE NUMBER RPAREN COPER BANG LPAREN WORD AND LPAREN WORD OPER NUMBER RPAREN RPAREN RPAREN SEMICOLON
    (35) statement -> . WORD UNARY SEMICOLON

    SHOP            shift and go to state 2
    WORD            shift and go to state 3
    RBRACE          shift and go to state 4

    statement                      shift and go to state 1

state 1

    (0) S' -> statement .



state 2

    (1) statement -> SHOP . WORD COMPARE WORD DOT WORD COMPARE
    (2) statement -> SHOP . WORD COMPARE WORD COMPARE

    WORD            shift and go to state 5


state 3

    (3) statement -> WORD . WORD LPAREN RPAREN LBRACE
    (4) statement -> WORD . WORD LPAREN WORD WORD COMMA WORD WORD RPAREN LBRACE
    (5) statement -> WORD . WORD LPAREN WORD WORD RPAREN LBRACE
    (6) statement -> WORD . WORD LPAREN WORD RPAREN LBRACE
    (7) statement -> WORD . WORD SEMICOLON
    (8) statement -> WORD . WORD EQUALS NUMBER SEMICOLON
    (9) statement -> WORD . WORD LBAR NUMBER RBAR SEMICOLON
    (10) statement -> WORD . LPAREN WORD OPER WORD COMPARE NUMBER RPAREN LBRACE
    (11) statement -> WORD . LPAREN WORD COMPARE NUMBER RPAREN LBRACE
    (12) statement -> WORD . LPAREN WORD COMPARE WORD RPAREN LBRACE
    (13) statement -> WORD . LPAREN WORD COMPARE NUMBER COPER WORD COMPARE NUMBER RPAREN LBRACE
    (14) statement -> WORD . LPAREN WORD EQUALS NUMBER SEMICOLON WORD COMPARE NUMBER SEMICOLON WORD UNARY RPAREN LBRACE
    (15) statement -> WORD . LPAREN WORD EQUALS NUMBER SEMICOLON WORD COMPARE WORD SEMICOLON WORD UNARY RPAREN LBRACE
    (16) statement -> WORD . LPAREN WORD EQUALS WORD OPER NUMBER SEMICOLON WORD COMPARE NUMBER SEMICOLON WORD UNARY RPAREN LBRACE
    (17) statement -> WORD . LPAREN NUMBER RPAREN LBRACE
    (18) statement -> WORD . LPAREN SENTENCE RPAREN SEMICOLON
    (19) statement -> WORD . LPAREN SENTENCE COMMA AND WORD RPAREN SEMICOLON
    (20) statement -> WORD . LPAREN SENTENCE COMMA WORD COMMA WORD COMMA WORD OPER WORD RPAREN SEMICOLON
    (21) statement -> WORD . LPAREN SENTENCE COMMA WORD COMMA WORD COMMA LPAREN WORD OPER WORD RPAREN RPAREN SEMICOLON
    (22) statement -> WORD . LPAREN SENTENCE COMMA WORD LBAR WORD RBAR RPAREN SEMICOLON
    (23) statement -> WORD . LPAREN RPAREN SEMICOLON
    (24) statement -> WORD . LPAREN SENTENCE COMMA WORD LPAREN WORD RPAREN RPAREN SEMICOLON
    (25) statement -> WORD . WORD EQUALS WORD LPAREN WORD COMMA WORD RPAREN SEMICOLON
    (26) statement -> WORD . SEMICOLON
    (29) statement -> WORD . NUMBER SEMICOLON
    (30) statement -> WORD . WORD OPER WORD SEMICOLON
    (31) statement -> WORD . UNARY
    (32) statement -> WORD . LBAR WORD RBAR EQUALS WORD LBAR WORD OPER NUMBER RBAR SEMICOLON
    (33) statement -> WORD . LBAR NUMBER RBAR EQUALS WORD SEMICOLON
    (34) statement -> WORD . LPAREN LPAREN WORD COMPARE NUMBER RPAREN COPER BANG LPAREN WORD AND LPAREN WORD OPER NUMBER RPAREN RPAREN RPAREN SEMICOLON
    (35) statement -> WORD . UNARY SEMICOLON

    WORD            shift and go to state 6
    LPAREN          shift and go to state 7
    SEMICOLON       shift and go to state 8
    NUMBER          shift and go to state 9
    UNARY           shift and go to state 11
    LBAR            shift and go to state 10


state 4

    (27) statement -> RBRACE .
    (28) statement -> RBRACE . WORD LBRACE

    $end            reduce using rule 27 (statement -> RBRACE .)
    WORD            shift and go to state 12


state 5

    (1) statement -> SHOP WORD . COMPARE WORD DOT WORD COMPARE
    (2) statement -> SHOP WORD . COMPARE WORD COMPARE

    COMPARE         shift and go to state 13


state 6

    (3) statement -> WORD WORD . LPAREN RPAREN LBRACE
    (4) statement -> WORD WORD . LPAREN WORD WORD COMMA WORD WORD RPAREN LBRACE
    (5) statement -> WORD WORD . LPAREN WORD WORD RPAREN LBRACE
    (6) statement -> WORD WORD . LPAREN WORD RPAREN LBRACE
    (7) statement -> WORD WORD . SEMICOLON
    (8) statement -> WORD WORD . EQUALS NUMBER SEMICOLON
    (9) statement -> WORD WORD . LBAR NUMBER RBAR SEMICOLON
    (25) statement -> WORD WORD . EQUALS WORD LPAREN WORD COMMA WORD RPAREN SEMICOLON
    (30) statement -> WORD WORD . OPER WORD SEMICOLON

    LPAREN          shift and go to state 14
    SEMICOLON       shift and go to state 15
    EQUALS          shift and go to state 16
    LBAR            shift and go to state 17
    OPER            shift and go to state 18


state 7

    (10) statement -> WORD LPAREN . WORD OPER WORD COMPARE NUMBER RPAREN LBRACE
    (11) statement -> WORD LPAREN . WORD COMPARE NUMBER RPAREN LBRACE
    (12) statement -> WORD LPAREN . WORD COMPARE WORD RPAREN LBRACE
    (13) statement -> WORD LPAREN . WORD COMPARE NUMBER COPER WORD COMPARE NUMBER RPAREN LBRACE
    (14) statement -> WORD LPAREN . WORD EQUALS NUMBER SEMICOLON WORD COMPARE NUMBER SEMICOLON WORD UNARY RPAREN LBRACE
    (15) statement -> WORD LPAREN . WORD EQUALS NUMBER SEMICOLON WORD COMPARE WORD SEMICOLON WORD UNARY RPAREN LBRACE
    (16) statement -> WORD LPAREN . WORD EQUALS WORD OPER NUMBER SEMICOLON WORD COMPARE NUMBER SEMICOLON WORD UNARY RPAREN LBRACE
    (17) statement -> WORD LPAREN . NUMBER RPAREN LBRACE
    (18) statement -> WORD LPAREN . SENTENCE RPAREN SEMICOLON
    (19) statement -> WORD LPAREN . SENTENCE COMMA AND WORD RPAREN SEMICOLON
    (20) statement -> WORD LPAREN . SENTENCE COMMA WORD COMMA WORD COMMA WORD OPER WORD RPAREN SEMICOLON
    (21) statement -> WORD LPAREN . SENTENCE COMMA WORD COMMA WORD COMMA LPAREN WORD OPER WORD RPAREN RPAREN SEMICOLON
    (22) statement -> WORD LPAREN . SENTENCE COMMA WORD LBAR WORD RBAR RPAREN SEMICOLON
    (23) statement -> WORD LPAREN . RPAREN SEMICOLON
    (24) statement -> WORD LPAREN . SENTENCE COMMA WORD LPAREN WORD RPAREN RPAREN SEMICOLON
    (34) statement -> WORD LPAREN . LPAREN WORD COMPARE NUMBER RPAREN COPER BANG LPAREN WORD AND LPAREN WORD OPER NUMBER RPAREN RPAREN RPAREN SEMICOLON

    WORD            shift and go to state 19
    NUMBER          shift and go to state 21
    SENTENCE        shift and go to state 23
    RPAREN          shift and go to state 22
    LPAREN          shift and go to state 20


state 8

    (26) statement -> WORD SEMICOLON .

    $end            reduce using rule 26 (statement -> WORD SEMICOLON .)


state 9

    (29) statement -> WORD NUMBER . SEMICOLON

    SEMICOLON       shift and go to state 24


state 10

    (32) statement -> WORD LBAR . WORD RBAR EQUALS WORD LBAR WORD OPER NUMBER RBAR SEMICOLON
    (33) statement -> WORD LBAR . NUMBER RBAR EQUALS WORD SEMICOLON

    WORD            shift and go to state 25
    NUMBER          shift and go to state 26


state 11

    (31) statement -> WORD UNARY .
    (35) statement -> WORD UNARY . SEMICOLON

    $end            reduce using rule 31 (statement -> WORD UNARY .)
    SEMICOLON       shift and go to state 27


state 12

    (28) statement -> RBRACE WORD . LBRACE

    LBRACE          shift and go to state 28


state 13

    (1) statement -> SHOP WORD COMPARE . WORD DOT WORD COMPARE
    (2) statement -> SHOP WORD COMPARE . WORD COMPARE

    WORD            shift and go to state 29


state 14

    (3) statement -> WORD WORD LPAREN . RPAREN LBRACE
    (4) statement -> WORD WORD LPAREN . WORD WORD COMMA WORD WORD RPAREN LBRACE
    (5) statement -> WORD WORD LPAREN . WORD WORD RPAREN LBRACE
    (6) statement -> WORD WORD LPAREN . WORD RPAREN LBRACE

    RPAREN          shift and go to state 31
    WORD            shift and go to state 30


state 15

    (7) statement -> WORD WORD SEMICOLON .

    $end            reduce using rule 7 (statement -> WORD WORD SEMICOLON .)


state 16

    (8) statement -> WORD WORD EQUALS . NUMBER SEMICOLON
    (25) statement -> WORD WORD EQUALS . WORD LPAREN WORD COMMA WORD RPAREN SEMICOLON

    NUMBER          shift and go to state 33
    WORD            shift and go to state 32


state 17

    (9) statement -> WORD WORD LBAR . NUMBER RBAR SEMICOLON

    NUMBER          shift and go to state 34


state 18

    (30) statement -> WORD WORD OPER . WORD SEMICOLON

    WORD            shift and go to state 35


state 19

    (10) statement -> WORD LPAREN WORD . OPER WORD COMPARE NUMBER RPAREN LBRACE
    (11) statement -> WORD LPAREN WORD . COMPARE NUMBER RPAREN LBRACE
    (12) statement -> WORD LPAREN WORD . COMPARE WORD RPAREN LBRACE
    (13) statement -> WORD LPAREN WORD . COMPARE NUMBER COPER WORD COMPARE NUMBER RPAREN LBRACE
    (14) statement -> WORD LPAREN WORD . EQUALS NUMBER SEMICOLON WORD COMPARE NUMBER SEMICOLON WORD UNARY RPAREN LBRACE
    (15) statement -> WORD LPAREN WORD . EQUALS NUMBER SEMICOLON WORD COMPARE WORD SEMICOLON WORD UNARY RPAREN LBRACE
    (16) statement -> WORD LPAREN WORD . EQUALS WORD OPER NUMBER SEMICOLON WORD COMPARE NUMBER SEMICOLON WORD UNARY RPAREN LBRACE

    OPER            shift and go to state 36
    COMPARE         shift and go to state 37
    EQUALS          shift and go to state 38


state 20

    (34) statement -> WORD LPAREN LPAREN . WORD COMPARE NUMBER RPAREN COPER BANG LPAREN WORD AND LPAREN WORD OPER NUMBER RPAREN RPAREN RPAREN SEMICOLON

    WORD            shift and go to state 39


state 21

    (17) statement -> WORD LPAREN NUMBER . RPAREN LBRACE

    RPAREN          shift and go to state 40


state 22

    (23) statement -> WORD LPAREN RPAREN . SEMICOLON

    SEMICOLON       shift and go to state 41


state 23

    (18) statement -> WORD LPAREN SENTENCE . RPAREN SEMICOLON
    (19) statement -> WORD LPAREN SENTENCE . COMMA AND WORD RPAREN SEMICOLON
    (20) statement -> WORD LPAREN SENTENCE . COMMA WORD COMMA WORD COMMA WORD OPER WORD RPAREN SEMICOLON
    (21) statement -> WORD LPAREN SENTENCE . COMMA WORD COMMA WORD COMMA LPAREN WORD OPER WORD RPAREN RPAREN SEMICOLON
    (22) statement -> WORD LPAREN SENTENCE . COMMA WORD LBAR WORD RBAR RPAREN SEMICOLON
    (24) statement -> WORD LPAREN SENTENCE . COMMA WORD LPAREN WORD RPAREN RPAREN SEMICOLON

    RPAREN          shift and go to state 42
    COMMA           shift and go to state 43


state 24

    (29) statement -> WORD NUMBER SEMICOLON .

    $end            reduce using rule 29 (statement -> WORD NUMBER SEMICOLON .)


state 25

    (32) statement -> WORD LBAR WORD . RBAR EQUALS WORD LBAR WORD OPER NUMBER RBAR SEMICOLON

    RBAR            shift and go to state 44


state 26

    (33) statement -> WORD LBAR NUMBER . RBAR EQUALS WORD SEMICOLON

    RBAR            shift and go to state 45


state 27

    (35) statement -> WORD UNARY SEMICOLON .

    $end            reduce using rule 35 (statement -> WORD UNARY SEMICOLON .)


state 28

    (28) statement -> RBRACE WORD LBRACE .

    $end            reduce using rule 28 (statement -> RBRACE WORD LBRACE .)


state 29

    (1) statement -> SHOP WORD COMPARE WORD . DOT WORD COMPARE
    (2) statement -> SHOP WORD COMPARE WORD . COMPARE

    DOT             shift and go to state 47
    COMPARE         shift and go to state 46


state 30

    (4) statement -> WORD WORD LPAREN WORD . WORD COMMA WORD WORD RPAREN LBRACE
    (5) statement -> WORD WORD LPAREN WORD . WORD RPAREN LBRACE
    (6) statement -> WORD WORD LPAREN WORD . RPAREN LBRACE

    WORD            shift and go to state 48
    RPAREN          shift and go to state 49


state 31

    (3) statement -> WORD WORD LPAREN RPAREN . LBRACE

    LBRACE          shift and go to state 50


state 32

    (25) statement -> WORD WORD EQUALS WORD . LPAREN WORD COMMA WORD RPAREN SEMICOLON

    LPAREN          shift and go to state 51


state 33

    (8) statement -> WORD WORD EQUALS NUMBER . SEMICOLON

    SEMICOLON       shift and go to state 52


state 34

    (9) statement -> WORD WORD LBAR NUMBER . RBAR SEMICOLON

    RBAR            shift and go to state 53


state 35

    (30) statement -> WORD WORD OPER WORD . SEMICOLON

    SEMICOLON       shift and go to state 54


state 36

    (10) statement -> WORD LPAREN WORD OPER . WORD COMPARE NUMBER RPAREN LBRACE

    WORD            shift and go to state 55


state 37

    (11) statement -> WORD LPAREN WORD COMPARE . NUMBER RPAREN LBRACE
    (12) statement -> WORD LPAREN WORD COMPARE . WORD RPAREN LBRACE
    (13) statement -> WORD LPAREN WORD COMPARE . NUMBER COPER WORD COMPARE NUMBER RPAREN LBRACE

    NUMBER          shift and go to state 57
    WORD            shift and go to state 56


state 38

    (14) statement -> WORD LPAREN WORD EQUALS . NUMBER SEMICOLON WORD COMPARE NUMBER SEMICOLON WORD UNARY RPAREN LBRACE
    (15) statement -> WORD LPAREN WORD EQUALS . NUMBER SEMICOLON WORD COMPARE WORD SEMICOLON WORD UNARY RPAREN LBRACE
    (16) statement -> WORD LPAREN WORD EQUALS . WORD OPER NUMBER SEMICOLON WORD COMPARE NUMBER SEMICOLON WORD UNARY RPAREN LBRACE

    NUMBER          shift and go to state 59
    WORD            shift and go to state 58


state 39

    (34) statement -> WORD LPAREN LPAREN WORD . COMPARE NUMBER RPAREN COPER BANG LPAREN WORD AND LPAREN WORD OPER NUMBER RPAREN RPAREN RPAREN SEMICOLON

    COMPARE         shift and go to state 60


state 40

    (17) statement -> WORD LPAREN NUMBER RPAREN . LBRACE

    LBRACE          shift and go to state 61


state 41

    (23) statement -> WORD LPAREN RPAREN SEMICOLON .

    $end            reduce using rule 23 (statement -> WORD LPAREN RPAREN SEMICOLON .)


state 42

    (18) statement -> WORD LPAREN SENTENCE RPAREN . SEMICOLON

    SEMICOLON       shift and go to state 62


state 43

    (19) statement -> WORD LPAREN SENTENCE COMMA . AND WORD RPAREN SEMICOLON
    (20) statement -> WORD LPAREN SENTENCE COMMA . WORD COMMA WORD COMMA WORD OPER WORD RPAREN SEMICOLON
    (21) statement -> WORD LPAREN SENTENCE COMMA . WORD COMMA WORD COMMA LPAREN WORD OPER WORD RPAREN RPAREN SEMICOLON
    (22) statement -> WORD LPAREN SENTENCE COMMA . WORD LBAR WORD RBAR RPAREN SEMICOLON
    (24) statement -> WORD LPAREN SENTENCE COMMA . WORD LPAREN WORD RPAREN RPAREN SEMICOLON

    AND             shift and go to state 64
    WORD            shift and go to state 63


state 44

    (32) statement -> WORD LBAR WORD RBAR . EQUALS WORD LBAR WORD OPER NUMBER RBAR SEMICOLON

    EQUALS          shift and go to state 65


state 45

    (33) statement -> WORD LBAR NUMBER RBAR . EQUALS WORD SEMICOLON

    EQUALS          shift and go to state 66


state 46

    (2) statement -> SHOP WORD COMPARE WORD COMPARE .

    $end            reduce using rule 2 (statement -> SHOP WORD COMPARE WORD COMPARE .)


state 47

    (1) statement -> SHOP WORD COMPARE WORD DOT . WORD COMPARE

    WORD            shift and go to state 67


state 48

    (4) statement -> WORD WORD LPAREN WORD WORD . COMMA WORD WORD RPAREN LBRACE
    (5) statement -> WORD WORD LPAREN WORD WORD . RPAREN LBRACE

    COMMA           shift and go to state 68
    RPAREN          shift and go to state 69


state 49

    (6) statement -> WORD WORD LPAREN WORD RPAREN . LBRACE

    LBRACE          shift and go to state 70


state 50

    (3) statement -> WORD WORD LPAREN RPAREN LBRACE .

    $end            reduce using rule 3 (statement -> WORD WORD LPAREN RPAREN LBRACE .)


state 51

    (25) statement -> WORD WORD EQUALS WORD LPAREN . WORD COMMA WORD RPAREN SEMICOLON

    WORD            shift and go to state 71


state 52

    (8) statement -> WORD WORD EQUALS NUMBER SEMICOLON .

    $end            reduce using rule 8 (statement -> WORD WORD EQUALS NUMBER SEMICOLON .)


state 53

    (9) statement -> WORD WORD LBAR NUMBER RBAR . SEMICOLON

    SEMICOLON       shift and go to state 72


state 54

    (30) statement -> WORD WORD OPER WORD SEMICOLON .

    $end            reduce using rule 30 (statement -> WORD WORD OPER WORD SEMICOLON .)


state 55

    (10) statement -> WORD LPAREN WORD OPER WORD . COMPARE NUMBER RPAREN LBRACE

    COMPARE         shift and go to state 73


state 56

    (12) statement -> WORD LPAREN WORD COMPARE WORD . RPAREN LBRACE

    RPAREN          shift and go to state 74


state 57

    (11) statement -> WORD LPAREN WORD COMPARE NUMBER . RPAREN LBRACE
    (13) statement -> WORD LPAREN WORD COMPARE NUMBER . COPER WORD COMPARE NUMBER RPAREN LBRACE

    RPAREN          shift and go to state 75
    COPER           shift and go to state 76


state 58

    (16) statement -> WORD LPAREN WORD EQUALS WORD . OPER NUMBER SEMICOLON WORD COMPARE NUMBER SEMICOLON WORD UNARY RPAREN LBRACE

    OPER            shift and go to state 77


state 59

    (14) statement -> WORD LPAREN WORD EQUALS NUMBER . SEMICOLON WORD COMPARE NUMBER SEMICOLON WORD UNARY RPAREN LBRACE
    (15) statement -> WORD LPAREN WORD EQUALS NUMBER . SEMICOLON WORD COMPARE WORD SEMICOLON WORD UNARY RPAREN LBRACE

    SEMICOLON       shift and go to state 78


state 60

    (34) statement -> WORD LPAREN LPAREN WORD COMPARE . NUMBER RPAREN COPER BANG LPAREN WORD AND LPAREN WORD OPER NUMBER RPAREN RPAREN RPAREN SEMICOLON

    NUMBER          shift and go to state 79


state 61

    (17) statement -> WORD LPAREN NUMBER RPAREN LBRACE .

    $end            reduce using rule 17 (statement -> WORD LPAREN NUMBER RPAREN LBRACE .)


state 62

    (18) statement -> WORD LPAREN SENTENCE RPAREN SEMICOLON .

    $end            reduce using rule 18 (statement -> WORD LPAREN SENTENCE RPAREN SEMICOLON .)


state 63

    (20) statement -> WORD LPAREN SENTENCE COMMA WORD . COMMA WORD COMMA WORD OPER WORD RPAREN SEMICOLON
    (21) statement -> WORD LPAREN SENTENCE COMMA WORD . COMMA WORD COMMA LPAREN WORD OPER WORD RPAREN RPAREN SEMICOLON
    (22) statement -> WORD LPAREN SENTENCE COMMA WORD . LBAR WORD RBAR RPAREN SEMICOLON
    (24) statement -> WORD LPAREN SENTENCE COMMA WORD . LPAREN WORD RPAREN RPAREN SEMICOLON

    COMMA           shift and go to state 81
    LBAR            shift and go to state 82
    LPAREN          shift and go to state 80


state 64

    (19) statement -> WORD LPAREN SENTENCE COMMA AND . WORD RPAREN SEMICOLON

    WORD            shift and go to state 83


state 65

    (32) statement -> WORD LBAR WORD RBAR EQUALS . WORD LBAR WORD OPER NUMBER RBAR SEMICOLON

    WORD            shift and go to state 84


state 66

    (33) statement -> WORD LBAR NUMBER RBAR EQUALS . WORD SEMICOLON

    WORD            shift and go to state 85


state 67

    (1) statement -> SHOP WORD COMPARE WORD DOT WORD . COMPARE

    COMPARE         shift and go to state 86


state 68

    (4) statement -> WORD WORD LPAREN WORD WORD COMMA . WORD WORD RPAREN LBRACE

    WORD            shift and go to state 87


state 69

    (5) statement -> WORD WORD LPAREN WORD WORD RPAREN . LBRACE

    LBRACE          shift and go to state 88


state 70

    (6) statement -> WORD WORD LPAREN WORD RPAREN LBRACE .

    $end            reduce using rule 6 (statement -> WORD WORD LPAREN WORD RPAREN LBRACE .)


state 71

    (25) statement -> WORD WORD EQUALS WORD LPAREN WORD . COMMA WORD RPAREN SEMICOLON

    COMMA           shift and go to state 89


state 72

    (9) statement -> WORD WORD LBAR NUMBER RBAR SEMICOLON .

    $end            reduce using rule 9 (statement -> WORD WORD LBAR NUMBER RBAR SEMICOLON .)


state 73

    (10) statement -> WORD LPAREN WORD OPER WORD COMPARE . NUMBER RPAREN LBRACE

    NUMBER          shift and go to state 90


state 74

    (12) statement -> WORD LPAREN WORD COMPARE WORD RPAREN . LBRACE

    LBRACE          shift and go to state 91


state 75

    (11) statement -> WORD LPAREN WORD COMPARE NUMBER RPAREN . LBRACE

    LBRACE          shift and go to state 92


state 76

    (13) statement -> WORD LPAREN WORD COMPARE NUMBER COPER . WORD COMPARE NUMBER RPAREN LBRACE

    WORD            shift and go to state 93


state 77

    (16) statement -> WORD LPAREN WORD EQUALS WORD OPER . NUMBER SEMICOLON WORD COMPARE NUMBER SEMICOLON WORD UNARY RPAREN LBRACE

    NUMBER          shift and go to state 94


state 78

    (14) statement -> WORD LPAREN WORD EQUALS NUMBER SEMICOLON . WORD COMPARE NUMBER SEMICOLON WORD UNARY RPAREN LBRACE
    (15) statement -> WORD LPAREN WORD EQUALS NUMBER SEMICOLON . WORD COMPARE WORD SEMICOLON WORD UNARY RPAREN LBRACE

    WORD            shift and go to state 95


state 79

    (34) statement -> WORD LPAREN LPAREN WORD COMPARE NUMBER . RPAREN COPER BANG LPAREN WORD AND LPAREN WORD OPER NUMBER RPAREN RPAREN RPAREN SEMICOLON

    RPAREN          shift and go to state 96


state 80

    (24) statement -> WORD LPAREN SENTENCE COMMA WORD LPAREN . WORD RPAREN RPAREN SEMICOLON

    WORD            shift and go to state 97


state 81

    (20) statement -> WORD LPAREN SENTENCE COMMA WORD COMMA . WORD COMMA WORD OPER WORD RPAREN SEMICOLON
    (21) statement -> WORD LPAREN SENTENCE COMMA WORD COMMA . WORD COMMA LPAREN WORD OPER WORD RPAREN RPAREN SEMICOLON

    WORD            shift and go to state 98


state 82

    (22) statement -> WORD LPAREN SENTENCE COMMA WORD LBAR . WORD RBAR RPAREN SEMICOLON

    WORD            shift and go to state 99


state 83

    (19) statement -> WORD LPAREN SENTENCE COMMA AND WORD . RPAREN SEMICOLON

    RPAREN          shift and go to state 100


state 84

    (32) statement -> WORD LBAR WORD RBAR EQUALS WORD . LBAR WORD OPER NUMBER RBAR SEMICOLON

    LBAR            shift and go to state 101


state 85

    (33) statement -> WORD LBAR NUMBER RBAR EQUALS WORD . SEMICOLON

    SEMICOLON       shift and go to state 102


state 86

    (1) statement -> SHOP WORD COMPARE WORD DOT WORD COMPARE .

    $end            reduce using rule 1 (statement -> SHOP WORD COMPARE WORD DOT WORD COMPARE .)


state 87

    (4) statement -> WORD WORD LPAREN WORD WORD COMMA WORD . WORD RPAREN LBRACE

    WORD            shift and go to state 103


state 88

    (5) statement -> WORD WORD LPAREN WORD WORD RPAREN LBRACE .

    $end            reduce using rule 5 (statement -> WORD WORD LPAREN WORD WORD RPAREN LBRACE .)


state 89

    (25) statement -> WORD WORD EQUALS WORD LPAREN WORD COMMA . WORD RPAREN SEMICOLON

    WORD            shift and go to state 104


state 90

    (10) statement -> WORD LPAREN WORD OPER WORD COMPARE NUMBER . RPAREN LBRACE

    RPAREN          shift and go to state 105


state 91

    (12) statement -> WORD LPAREN WORD COMPARE WORD RPAREN LBRACE .

    $end            reduce using rule 12 (statement -> WORD LPAREN WORD COMPARE WORD RPAREN LBRACE .)


state 92

    (11) statement -> WORD LPAREN WORD COMPARE NUMBER RPAREN LBRACE .

    $end            reduce using rule 11 (statement -> WORD LPAREN WORD COMPARE NUMBER RPAREN LBRACE .)


state 93

    (13) statement -> WORD LPAREN WORD COMPARE NUMBER COPER WORD . COMPARE NUMBER RPAREN LBRACE

    COMPARE         shift and go to state 106


state 94

    (16) statement -> WORD LPAREN WORD EQUALS WORD OPER NUMBER . SEMICOLON WORD COMPARE NUMBER SEMICOLON WORD UNARY RPAREN LBRACE

    SEMICOLON       shift and go to state 107


state 95

    (14) statement -> WORD LPAREN WORD EQUALS NUMBER SEMICOLON WORD . COMPARE NUMBER SEMICOLON WORD UNARY RPAREN LBRACE
    (15) statement -> WORD LPAREN WORD EQUALS NUMBER SEMICOLON WORD . COMPARE WORD SEMICOLON WORD UNARY RPAREN LBRACE

    COMPARE         shift and go to state 108


state 96

    (34) statement -> WORD LPAREN LPAREN WORD COMPARE NUMBER RPAREN . COPER BANG LPAREN WORD AND LPAREN WORD OPER NUMBER RPAREN RPAREN RPAREN SEMICOLON

    COPER           shift and go to state 109


state 97

    (24) statement -> WORD LPAREN SENTENCE COMMA WORD LPAREN WORD . RPAREN RPAREN SEMICOLON

    RPAREN          shift and go to state 110


state 98

    (20) statement -> WORD LPAREN SENTENCE COMMA WORD COMMA WORD . COMMA WORD OPER WORD RPAREN SEMICOLON
    (21) statement -> WORD LPAREN SENTENCE COMMA WORD COMMA WORD . COMMA LPAREN WORD OPER WORD RPAREN RPAREN SEMICOLON

    COMMA           shift and go to state 111


state 99

    (22) statement -> WORD LPAREN SENTENCE COMMA WORD LBAR WORD . RBAR RPAREN SEMICOLON

    RBAR            shift and go to state 112


state 100

    (19) statement -> WORD LPAREN SENTENCE COMMA AND WORD RPAREN . SEMICOLON

    SEMICOLON       shift and go to state 113


state 101

    (32) statement -> WORD LBAR WORD RBAR EQUALS WORD LBAR . WORD OPER NUMBER RBAR SEMICOLON

    WORD            shift and go to state 114


state 102

    (33) statement -> WORD LBAR NUMBER RBAR EQUALS WORD SEMICOLON .

    $end            reduce using rule 33 (statement -> WORD LBAR NUMBER RBAR EQUALS WORD SEMICOLON .)


state 103

    (4) statement -> WORD WORD LPAREN WORD WORD COMMA WORD WORD . RPAREN LBRACE

    RPAREN          shift and go to state 115


state 104

    (25) statement -> WORD WORD EQUALS WORD LPAREN WORD COMMA WORD . RPAREN SEMICOLON

    RPAREN          shift and go to state 116


state 105

    (10) statement -> WORD LPAREN WORD OPER WORD COMPARE NUMBER RPAREN . LBRACE

    LBRACE          shift and go to state 117


state 106

    (13) statement -> WORD LPAREN WORD COMPARE NUMBER COPER WORD COMPARE . NUMBER RPAREN LBRACE

    NUMBER          shift and go to state 118


state 107

    (16) statement -> WORD LPAREN WORD EQUALS WORD OPER NUMBER SEMICOLON . WORD COMPARE NUMBER SEMICOLON WORD UNARY RPAREN LBRACE

    WORD            shift and go to state 119


state 108

    (14) statement -> WORD LPAREN WORD EQUALS NUMBER SEMICOLON WORD COMPARE . NUMBER SEMICOLON WORD UNARY RPAREN LBRACE
    (15) statement -> WORD LPAREN WORD EQUALS NUMBER SEMICOLON WORD COMPARE . WORD SEMICOLON WORD UNARY RPAREN LBRACE

    NUMBER          shift and go to state 121
    WORD            shift and go to state 120


state 109

    (34) statement -> WORD LPAREN LPAREN WORD COMPARE NUMBER RPAREN COPER . BANG LPAREN WORD AND LPAREN WORD OPER NUMBER RPAREN RPAREN RPAREN SEMICOLON

    BANG            shift and go to state 122


state 110

    (24) statement -> WORD LPAREN SENTENCE COMMA WORD LPAREN WORD RPAREN . RPAREN SEMICOLON

    RPAREN          shift and go to state 123


state 111

    (20) statement -> WORD LPAREN SENTENCE COMMA WORD COMMA WORD COMMA . WORD OPER WORD RPAREN SEMICOLON
    (21) statement -> WORD LPAREN SENTENCE COMMA WORD COMMA WORD COMMA . LPAREN WORD OPER WORD RPAREN RPAREN SEMICOLON

    WORD            shift and go to state 124
    LPAREN          shift and go to state 125


state 112

    (22) statement -> WORD LPAREN SENTENCE COMMA WORD LBAR WORD RBAR . RPAREN SEMICOLON

    RPAREN          shift and go to state 126


state 113

    (19) statement -> WORD LPAREN SENTENCE COMMA AND WORD RPAREN SEMICOLON .

    $end            reduce using rule 19 (statement -> WORD LPAREN SENTENCE COMMA AND WORD RPAREN SEMICOLON .)


state 114

    (32) statement -> WORD LBAR WORD RBAR EQUALS WORD LBAR WORD . OPER NUMBER RBAR SEMICOLON

    OPER            shift and go to state 127


state 115

    (4) statement -> WORD WORD LPAREN WORD WORD COMMA WORD WORD RPAREN . LBRACE

    LBRACE          shift and go to state 128


state 116

    (25) statement -> WORD WORD EQUALS WORD LPAREN WORD COMMA WORD RPAREN . SEMICOLON

    SEMICOLON       shift and go to state 129


state 117

    (10) statement -> WORD LPAREN WORD OPER WORD COMPARE NUMBER RPAREN LBRACE .

    $end            reduce using rule 10 (statement -> WORD LPAREN WORD OPER WORD COMPARE NUMBER RPAREN LBRACE .)


state 118

    (13) statement -> WORD LPAREN WORD COMPARE NUMBER COPER WORD COMPARE NUMBER . RPAREN LBRACE

    RPAREN          shift and go to state 130


state 119

    (16) statement -> WORD LPAREN WORD EQUALS WORD OPER NUMBER SEMICOLON WORD . COMPARE NUMBER SEMICOLON WORD UNARY RPAREN LBRACE

    COMPARE         shift and go to state 131


state 120

    (15) statement -> WORD LPAREN WORD EQUALS NUMBER SEMICOLON WORD COMPARE WORD . SEMICOLON WORD UNARY RPAREN LBRACE

    SEMICOLON       shift and go to state 132


state 121

    (14) statement -> WORD LPAREN WORD EQUALS NUMBER SEMICOLON WORD COMPARE NUMBER . SEMICOLON WORD UNARY RPAREN LBRACE

    SEMICOLON       shift and go to state 133


state 122

    (34) statement -> WORD LPAREN LPAREN WORD COMPARE NUMBER RPAREN COPER BANG . LPAREN WORD AND LPAREN WORD OPER NUMBER RPAREN RPAREN RPAREN SEMICOLON

    LPAREN          shift and go to state 134


state 123

    (24) statement -> WORD LPAREN SENTENCE COMMA WORD LPAREN WORD RPAREN RPAREN . SEMICOLON

    SEMICOLON       shift and go to state 135


state 124

    (20) statement -> WORD LPAREN SENTENCE COMMA WORD COMMA WORD COMMA WORD . OPER WORD RPAREN SEMICOLON

    OPER            shift and go to state 136


state 125

    (21) statement -> WORD LPAREN SENTENCE COMMA WORD COMMA WORD COMMA LPAREN . WORD OPER WORD RPAREN RPAREN SEMICOLON

    WORD            shift and go to state 137


state 126

    (22) statement -> WORD LPAREN SENTENCE COMMA WORD LBAR WORD RBAR RPAREN . SEMICOLON

    SEMICOLON       shift and go to state 138


state 127

    (32) statement -> WORD LBAR WORD RBAR EQUALS WORD LBAR WORD OPER . NUMBER RBAR SEMICOLON

    NUMBER          shift and go to state 139


state 128

    (4) statement -> WORD WORD LPAREN WORD WORD COMMA WORD WORD RPAREN LBRACE .

    $end            reduce using rule 4 (statement -> WORD WORD LPAREN WORD WORD COMMA WORD WORD RPAREN LBRACE .)


state 129

    (25) statement -> WORD WORD EQUALS WORD LPAREN WORD COMMA WORD RPAREN SEMICOLON .

    $end            reduce using rule 25 (statement -> WORD WORD EQUALS WORD LPAREN WORD COMMA WORD RPAREN SEMICOLON .)


state 130

    (13) statement -> WORD LPAREN WORD COMPARE NUMBER COPER WORD COMPARE NUMBER RPAREN . LBRACE

    LBRACE          shift and go to state 140


state 131

    (16) statement -> WORD LPAREN WORD EQUALS WORD OPER NUMBER SEMICOLON WORD COMPARE . NUMBER SEMICOLON WORD UNARY RPAREN LBRACE

    NUMBER          shift and go to state 141


state 132

    (15) statement -> WORD LPAREN WORD EQUALS NUMBER SEMICOLON WORD COMPARE WORD SEMICOLON . WORD UNARY RPAREN LBRACE

    WORD            shift and go to state 142


state 133

    (14) statement -> WORD LPAREN WORD EQUALS NUMBER SEMICOLON WORD COMPARE NUMBER SEMICOLON . WORD UNARY RPAREN LBRACE

    WORD            shift and go to state 143


state 134

    (34) statement -> WORD LPAREN LPAREN WORD COMPARE NUMBER RPAREN COPER BANG LPAREN . WORD AND LPAREN WORD OPER NUMBER RPAREN RPAREN RPAREN SEMICOLON

    WORD            shift and go to state 144


state 135

    (24) statement -> WORD LPAREN SENTENCE COMMA WORD LPAREN WORD RPAREN RPAREN SEMICOLON .

    $end            reduce using rule 24 (statement -> WORD LPAREN SENTENCE COMMA WORD LPAREN WORD RPAREN RPAREN SEMICOLON .)


state 136

    (20) statement -> WORD LPAREN SENTENCE COMMA WORD COMMA WORD COMMA WORD OPER . WORD RPAREN SEMICOLON

    WORD            shift and go to state 145


state 137

    (21) statement -> WORD LPAREN SENTENCE COMMA WORD COMMA WORD COMMA LPAREN WORD . OPER WORD RPAREN RPAREN SEMICOLON

    OPER            shift and go to state 146


state 138

    (22) statement -> WORD LPAREN SENTENCE COMMA WORD LBAR WORD RBAR RPAREN SEMICOLON .

    $end            reduce using rule 22 (statement -> WORD LPAREN SENTENCE COMMA WORD LBAR WORD RBAR RPAREN SEMICOLON .)


state 139

    (32) statement -> WORD LBAR WORD RBAR EQUALS WORD LBAR WORD OPER NUMBER . RBAR SEMICOLON

    RBAR            shift and go to state 147


state 140

    (13) statement -> WORD LPAREN WORD COMPARE NUMBER COPER WORD COMPARE NUMBER RPAREN LBRACE .

    $end            reduce using rule 13 (statement -> WORD LPAREN WORD COMPARE NUMBER COPER WORD COMPARE NUMBER RPAREN LBRACE .)


state 141

    (16) statement -> WORD LPAREN WORD EQUALS WORD OPER NUMBER SEMICOLON WORD COMPARE NUMBER . SEMICOLON WORD UNARY RPAREN LBRACE

    SEMICOLON       shift and go to state 148


state 142

    (15) statement -> WORD LPAREN WORD EQUALS NUMBER SEMICOLON WORD COMPARE WORD SEMICOLON WORD . UNARY RPAREN LBRACE

    UNARY           shift and go to state 149


state 143

    (14) statement -> WORD LPAREN WORD EQUALS NUMBER SEMICOLON WORD COMPARE NUMBER SEMICOLON WORD . UNARY RPAREN LBRACE

    UNARY           shift and go to state 150


state 144

    (34) statement -> WORD LPAREN LPAREN WORD COMPARE NUMBER RPAREN COPER BANG LPAREN WORD . AND LPAREN WORD OPER NUMBER RPAREN RPAREN RPAREN SEMICOLON

    AND             shift and go to state 151


state 145

    (20) statement -> WORD LPAREN SENTENCE COMMA WORD COMMA WORD COMMA WORD OPER WORD . RPAREN SEMICOLON

    RPAREN          shift and go to state 152


state 146

    (21) statement -> WORD LPAREN SENTENCE COMMA WORD COMMA WORD COMMA LPAREN WORD OPER . WORD RPAREN RPAREN SEMICOLON

    WORD            shift and go to state 153


state 147

    (32) statement -> WORD LBAR WORD RBAR EQUALS WORD LBAR WORD OPER NUMBER RBAR . SEMICOLON

    SEMICOLON       shift and go to state 154


state 148

    (16) statement -> WORD LPAREN WORD EQUALS WORD OPER NUMBER SEMICOLON WORD COMPARE NUMBER SEMICOLON . WORD UNARY RPAREN LBRACE

    WORD            shift and go to state 155


state 149

    (15) statement -> WORD LPAREN WORD EQUALS NUMBER SEMICOLON WORD COMPARE WORD SEMICOLON WORD UNARY . RPAREN LBRACE

    RPAREN          shift and go to state 156


state 150

    (14) statement -> WORD LPAREN WORD EQUALS NUMBER SEMICOLON WORD COMPARE NUMBER SEMICOLON WORD UNARY . RPAREN LBRACE

    RPAREN          shift and go to state 157


state 151

    (34) statement -> WORD LPAREN LPAREN WORD COMPARE NUMBER RPAREN COPER BANG LPAREN WORD AND . LPAREN WORD OPER NUMBER RPAREN RPAREN RPAREN SEMICOLON

    LPAREN          shift and go to state 158


state 152

    (20) statement -> WORD LPAREN SENTENCE COMMA WORD COMMA WORD COMMA WORD OPER WORD RPAREN . SEMICOLON

    SEMICOLON       shift and go to state 159


state 153

    (21) statement -> WORD LPAREN SENTENCE COMMA WORD COMMA WORD COMMA LPAREN WORD OPER WORD . RPAREN RPAREN SEMICOLON

    RPAREN          shift and go to state 160


state 154

    (32) statement -> WORD LBAR WORD RBAR EQUALS WORD LBAR WORD OPER NUMBER RBAR SEMICOLON .

    $end            reduce using rule 32 (statement -> WORD LBAR WORD RBAR EQUALS WORD LBAR WORD OPER NUMBER RBAR SEMICOLON .)


state 155

    (16) statement -> WORD LPAREN WORD EQUALS WORD OPER NUMBER SEMICOLON WORD COMPARE NUMBER SEMICOLON WORD . UNARY RPAREN LBRACE

    UNARY           shift and go to state 161


state 156

    (15) statement -> WORD LPAREN WORD EQUALS NUMBER SEMICOLON WORD COMPARE WORD SEMICOLON WORD UNARY RPAREN . LBRACE

    LBRACE          shift and go to state 162


state 157

    (14) statement -> WORD LPAREN WORD EQUALS NUMBER SEMICOLON WORD COMPARE NUMBER SEMICOLON WORD UNARY RPAREN . LBRACE

    LBRACE          shift and go to state 163


state 158

    (34) statement -> WORD LPAREN LPAREN WORD COMPARE NUMBER RPAREN COPER BANG LPAREN WORD AND LPAREN . WORD OPER NUMBER RPAREN RPAREN RPAREN SEMICOLON

    WORD            shift and go to state 164


state 159

    (20) statement -> WORD LPAREN SENTENCE COMMA WORD COMMA WORD COMMA WORD OPER WORD RPAREN SEMICOLON .

    $end            reduce using rule 20 (statement -> WORD LPAREN SENTENCE COMMA WORD COMMA WORD COMMA WORD OPER WORD RPAREN SEMICOLON .)


state 160

    (21) statement -> WORD LPAREN SENTENCE COMMA WORD COMMA WORD COMMA LPAREN WORD OPER WORD RPAREN . RPAREN SEMICOLON

    RPAREN          shift and go to state 165


state 161

    (16) statement -> WORD LPAREN WORD EQUALS WORD OPER NUMBER SEMICOLON WORD COMPARE NUMBER SEMICOLON WORD UNARY . RPAREN LBRACE

    RPAREN          shift and go to state 166


state 162

    (15) statement -> WORD LPAREN WORD EQUALS NUMBER SEMICOLON WORD COMPARE WORD SEMICOLON WORD UNARY RPAREN LBRACE .

    $end            reduce using rule 15 (statement -> WORD LPAREN WORD EQUALS NUMBER SEMICOLON WORD COMPARE WORD SEMICOLON WORD UNARY RPAREN LBRACE .)


state 163

    (14) statement -> WORD LPAREN WORD EQUALS NUMBER SEMICOLON WORD COMPARE NUMBER SEMICOLON WORD UNARY RPAREN LBRACE .

    $end            reduce using rule 14 (statement -> WORD LPAREN WORD EQUALS NUMBER SEMICOLON WORD COMPARE NUMBER SEMICOLON WORD UNARY RPAREN LBRACE .)


state 164

    (34) statement -> WORD LPAREN LPAREN WORD COMPARE NUMBER RPAREN COPER BANG LPAREN WORD AND LPAREN WORD . OPER NUMBER RPAREN RPAREN RPAREN SEMICOLON

    OPER            shift and go to state 167


state 165

    (21) statement -> WORD LPAREN SENTENCE COMMA WORD COMMA WORD COMMA LPAREN WORD OPER WORD RPAREN RPAREN . SEMICOLON

    SEMICOLON       shift and go to state 168


state 166

    (16) statement -> WORD LPAREN WORD EQUALS WORD OPER NUMBER SEMICOLON WORD COMPARE NUMBER SEMICOLON WORD UNARY RPAREN . LBRACE

    LBRACE          shift and go to state 169


state 167

    (34) statement -> WORD LPAREN LPAREN WORD COMPARE NUMBER RPAREN COPER BANG LPAREN WORD AND LPAREN WORD OPER . NUMBER RPAREN RPAREN RPAREN SEMICOLON

    NUMBER          shift and go to state 170


state 168

    (21) statement -> WORD LPAREN SENTENCE COMMA WORD COMMA WORD COMMA LPAREN WORD OPER WORD RPAREN RPAREN SEMICOLON .

    $end            reduce using rule 21 (statement -> WORD LPAREN SENTENCE COMMA WORD COMMA WORD COMMA LPAREN WORD OPER WORD RPAREN RPAREN SEMICOLON .)


state 169

    (16) statement -> WORD LPAREN WORD EQUALS WORD OPER NUMBER SEMICOLON WORD COMPARE NUMBER SEMICOLON WORD UNARY RPAREN LBRACE .

    $end            reduce using rule 16 (statement -> WORD LPAREN WORD EQUALS WORD OPER NUMBER SEMICOLON WORD COMPARE NUMBER SEMICOLON WORD UNARY RPAREN LBRACE .)


state 170

    (34) statement -> WORD LPAREN LPAREN WORD COMPARE NUMBER RPAREN COPER BANG LPAREN WORD AND LPAREN WORD OPER NUMBER . RPAREN RPAREN RPAREN SEMICOLON

    RPAREN          shift and go to state 171


state 171

    (34) statement -> WORD LPAREN LPAREN WORD COMPARE NUMBER RPAREN COPER BANG LPAREN WORD AND LPAREN WORD OPER NUMBER RPAREN . RPAREN RPAREN SEMICOLON

    RPAREN          shift and go to state 172


state 172

    (34) statement -> WORD LPAREN LPAREN WORD COMPARE NUMBER RPAREN COPER BANG LPAREN WORD AND LPAREN WORD OPER NUMBER RPAREN RPAREN . RPAREN SEMICOLON

    RPAREN          shift and go to state 173


state 173

    (34) statement -> WORD LPAREN LPAREN WORD COMPARE NUMBER RPAREN COPER BANG LPAREN WORD AND LPAREN WORD OPER NUMBER RPAREN RPAREN RPAREN . SEMICOLON

    SEMICOLON       shift and go to state 174


state 174

    (34) statement -> WORD LPAREN LPAREN WORD COMPARE NUMBER RPAREN COPER BANG LPAREN WORD AND LPAREN WORD OPER NUMBER RPAREN RPAREN RPAREN SEMICOLON .

    $end            reduce using rule 34 (statement -> WORD LPAREN LPAREN WORD COMPARE NUMBER RPAREN COPER BANG LPAREN WORD AND LPAREN WORD OPER NUMBER RPAREN RPAREN RPAREN SEMICOLON .)

